<?xml version="1.0" encoding="UTF-8"?>
<!-- Generated by org.testng.reporters.JUnitReportReporter -->
<testsuite hostname="liusf-PC" name="testcases.setUpPage.TestCase7000CreateTimingPattern" tests="1" failures="0" timestamp="28 Apr 2018 09:13:04 GMT" time="191.821" errors="0">
  <testcase name="createTimingPattern" time="191.821" classname="testcases.setUpPage.TestCase7000CreateTimingPattern"/>
</testsuite> <!-- testcases.setUpPage.TestCase7000CreateTimingPattern -->
