<?xml version="1.0" encoding="UTF-8"?>
<!-- Generated by org.testng.reporters.JUnitReportReporter -->
<testsuite hostname="liusf-PC" name="testcases.AccountCenter.TestCase2010NormalBuyCard" tests="1" failures="0" timestamp="13 Apr 2018 06:09:08 GMT" time="37.794" errors="0">
  <testcase name="NormalBuyCard" time="37.794" classname="testcases.AccountCenter.TestCase2010NormalBuyCard"/>
</testsuite> <!-- testcases.AccountCenter.TestCase2010NormalBuyCard -->
