<?xml version="1.0" encoding="UTF-8"?>
<!-- Generated by org.testng.reporters.JUnitReportReporter -->
<testsuite hostname="liusf-PC" name="testcases.customerManage.NewTest" tests="1" failures="0" timestamp="10 May 2018 11:41:52 GMT" time="83.895" errors="0">
  <testcase name="f" time="83.895" classname="testcases.customerManage.NewTest"/>
</testsuite> <!-- testcases.customerManage.NewTest -->
