<?xml version="1.0" encoding="UTF-8"?>
<!-- Generated by org.testng.reporters.JUnitReportReporter -->
<testsuite hostname="liusf-PC" name="testcases.customerManage.NewTest" tests="1" failures="0" timestamp="11 May 2018 00:44:11 GMT" time="103.472" errors="0">
  <testcase name="f" time="103.472" classname="testcases.customerManage.NewTest"/>
</testsuite> <!-- testcases.customerManage.NewTest -->
