<?xml version="1.0" encoding="UTF-8"?>
<!-- Generated by org.testng.reporters.JUnitReportReporter -->
<testsuite hostname="liusf-PC" name="testcases.login_normal.Testcase1004_loginpageRememberMeVerification" tests="1" failures="0" timestamp="12 Apr 2018 06:32:40 GMT" time="58.486" errors="0">
  <testcase name="rememberMeVerification" time="58.486" classname="testcases.login_normal.Testcase1004_loginpageRememberMeVerification"/>
</testsuite> <!-- testcases.login_normal.Testcase1004_loginpageRememberMeVerification -->
