<?xml version="1.0" encoding="UTF-8"?>
<!-- Generated by org.testng.reporters.JUnitReportReporter -->
<testsuite hostname="liusf-PC" name="testcases.setUpPage.TestCase7002CreateInsCommonPattern" tests="1" failures="0" timestamp="28 Apr 2018 10:22:35 GMT" time="161.358" errors="0">
  <testcase name="CreateInsCommonPattern" time="161.358" classname="testcases.setUpPage.TestCase7002CreateInsCommonPattern"/>
</testsuite> <!-- testcases.setUpPage.TestCase7002CreateInsCommonPattern -->
