<?xml version="1.0" encoding="UTF-8"?>
<!-- Generated by org.testng.reporters.JUnitReportReporter -->
<testsuite hostname="liusf-PC" name="testcases.AccountCenter.TestCase2011ExceptionBuyCard" tests="1" failures="0" timestamp="13 Apr 2018 07:07:08 GMT" time="45.191" errors="0">
  <testcase name="ExceptionBuyCard" time="45.191" classname="testcases.AccountCenter.TestCase2011ExceptionBuyCard"/>
</testsuite> <!-- testcases.AccountCenter.TestCase2011ExceptionBuyCard -->
