<?xml version="1.0" encoding="UTF-8"?>
<!-- Generated by org.testng.reporters.JUnitReportReporter -->
<testsuite hostname="SC-201708241537" name="testcases.AccountCenter.TestCase026EditFictionsAccount" tests="1" failures="0" timestamp="3 Oct 2017 02:33:26 GMT" time="19.714" errors="0">
  <testcase name="testEditFictionsAccount" time="19.714" classname="testcases.AccountCenter.TestCase026EditFictionsAccount"/>
</testsuite> <!-- testcases.AccountCenter.TestCase026EditFictionsAccount -->
