<?xml version="1.0" encoding="UTF-8"?>
<!-- Generated by org.testng.reporters.JUnitReportReporter -->
<testsuite hostname="liusf-PC" name="testcases.AccountCenter.Testcase2015ExpressLanePageSmallFunctions" tests="1" failures="0" timestamp="23 Apr 2018 10:11:51 GMT" time="111.775" errors="0">
  <testcase name="expressLanePageSmallFunctions" time="111.775" classname="testcases.AccountCenter.Testcase2015ExpressLanePageSmallFunctions"/>
</testsuite> <!-- testcases.AccountCenter.Testcase2015ExpressLanePageSmallFunctions -->
