<?xml version="1.0" encoding="UTF-8"?>
<!-- Generated by org.testng.reporters.JUnitReportReporter -->
<testsuite hostname="liusf-PC" name="testcases.statisticalReport.TestCase5003OBDMileageReportQuery" tests="1" failures="0" timestamp="20 Apr 2018 06:03:28 GMT" time="268.106" errors="0">
  <testcase name="odbMileageReportQuery" time="268.106" classname="testcases.statisticalReport.TestCase5003OBDMileageReportQuery"/>
</testsuite> <!-- testcases.statisticalReport.TestCase5003OBDMileageReportQuery -->
