<?xml version="1.0" encoding="UTF-8"?>
<!-- Generated by org.testng.reporters.JUnitReportReporter -->
<testsuite hostname="liusf-PC" name="testcases.statisticalReport.TestCase5008AlarmOverviewQuery" tests="1" failures="0" timestamp="20 Apr 2018 11:44:59 GMT" time="552.418" errors="0">
  <testcase name="alarmOverviewQuery" time="552.418" classname="testcases.statisticalReport.TestCase5008AlarmOverviewQuery"/>
</testsuite> <!-- testcases.statisticalReport.TestCase5008AlarmOverviewQuery -->
