<?xml version="1.0" encoding="UTF-8"?>
<!-- Generated by org.testng.reporters.JUnitReportReporter -->
<testsuite hostname="SC-201708241537" name="pages.login.login_page" tests="1" failures="0" timestamp="25 Aug 2017 07:29:14 GMT" time="39.631" errors="0">
  <testcase name="test" time="39.631" classname="pages.login.login_page"/>
</testsuite> <!-- pages.login.login_page -->
