<?xml version="1.0" encoding="UTF-8"?>
<!-- Generated by org.testng.reporters.JUnitReportReporter -->
<testsuite hostname="liusf-PC" name="testcases.customerManage.NewTest" tests="1" failures="0" timestamp="7 May 2018 11:19:50 GMT" time="47.675" errors="0">
  <testcase name="f" time="47.675" classname="testcases.customerManage.NewTest"/>
</testsuite> <!-- testcases.customerManage.NewTest -->
