<?xml version="1.0" encoding="UTF-8"?>
<!-- Generated by org.testng.reporters.JUnitReportReporter -->
<testsuite hostname="liusf-PC" name="testcases.login_normal.Testcase1005_loginPageWithTaster" tests="1" failures="0" timestamp="12 Apr 2018 06:49:22 GMT" time="10.689" errors="0">
  <testcase name="loginTaster" time="10.689" classname="testcases.login_normal.Testcase1005_loginPageWithTaster"/>
</testsuite> <!-- testcases.login_normal.Testcase1005_loginPageWithTaster -->
