<?xml version="1.0" encoding="UTF-8"?>
<!-- Generated by org.testng.reporters.JUnitReportReporter -->
<testsuite hostname="liusf-PC" name="testcases.customerManage.NewTest" tests="1" failures="0" timestamp="8 May 2018 06:16:14 GMT" time="50.501" errors="0">
  <testcase name="f" time="50.501" classname="testcases.customerManage.NewTest"/>
</testsuite> <!-- testcases.customerManage.NewTest -->
