<?xml version="1.0" encoding="UTF-8"?>
<!-- Generated by org.testng.reporters.JUnitReportReporter -->
<testsuite hostname="liusf-PC" name="testcases.statisticalReport.TestCase5007ElectricityReportQuery" tests="1" failures="0" timestamp="20 Apr 2018 09:20:38 GMT" time="746.213" errors="0">
  <testcase name="electricityReportQuery" time="746.213" classname="testcases.statisticalReport.TestCase5007ElectricityReportQuery"/>
</testsuite> <!-- testcases.statisticalReport.TestCase5007ElectricityReportQuery -->
