<?xml version="1.0" encoding="UTF-8"?>
<!-- Generated by org.testng.reporters.JUnitReportReporter -->
<testsuite hostname="liusf-PC" name="testcases.AccountCenter.TestCase2008ModifyUserInfo" tests="1" failures="0" timestamp="12 Apr 2018 11:35:09 GMT" time="77.374" errors="0">
  <testcase name="modifyUserInfo" time="77.374" classname="testcases.AccountCenter.TestCase2008ModifyUserInfo"/>
</testsuite> <!-- testcases.AccountCenter.TestCase2008ModifyUserInfo -->
