<?xml version="1.0" encoding="UTF-8"?>
<!-- Generated by org.testng.reporters.JUnitReportReporter -->
<testsuite hostname="SC-201708241537" name="testcases.AccountCenter.TestCase023FictiousAccountVerify" tests="1" failures="0" timestamp="9 Sep 2017 16:40:16 GMT" time="19.857" errors="0">
  <testcase name="testFictiousAccountVerify" time="19.857" classname="testcases.AccountCenter.TestCase023FictiousAccountVerify"/>
</testsuite> <!-- testcases.AccountCenter.TestCase023FictiousAccountVerify -->
