<?xml version="1.0" encoding="UTF-8"?>
<!-- Generated by org.testng.reporters.JUnitReportReporter -->
<testsuite hostname="liusf-PC" name="testcases.devicemanage.NewTest" tests="1" failures="0" timestamp="4 May 2018 09:42:14 GMT" time="427.446" errors="0">
  <testcase name="f" time="427.446" classname="testcases.devicemanage.NewTest"/>
</testsuite> <!-- testcases.devicemanage.NewTest -->
