<?xml version="1.0" encoding="UTF-8"?>
<!-- Generated by org.testng.reporters.JUnitReportReporter -->
<testsuite hostname="liusf-PC" name="testcases.login_normal.Testcase1002_Login_Page_Language_Asser" tests="1" failures="0" timestamp="12 Apr 2018 01:55:46 GMT" time="29.835" errors="0">
  <testcase name="loginPageLanguageAsser" time="29.835" classname="testcases.login_normal.Testcase1002_Login_Page_Language_Asser"/>
</testsuite> <!-- testcases.login_normal.Testcase1002_Login_Page_Language_Asser -->
