<?xml version="1.0" encoding="UTF-8"?>
<!-- Generated by org.testng.reporters.JUnitReportReporter -->
<testsuite hostname="liusf-PC" name="testcases.devicemanage.NewTest" tests="1" failures="0" timestamp="8 May 2018 04:30:38 GMT" time="499.090" errors="0">
  <testcase name="f" time="499.090" classname="testcases.devicemanage.NewTest"/>
</testsuite> <!-- testcases.devicemanage.NewTest -->
