<?xml version="1.0" encoding="UTF-8"?>
<!-- Generated by org.testng.reporters.JUnitReportReporter -->
<testsuite hostname="liusf-PC" name="testcases.login_abnormal.Testcase1006_loginPageExceptionVerification" tests="1" failures="0" timestamp="12 Apr 2018 08:26:31 GMT" time="38.112" errors="0">
  <testcase name="loginExceptionVerification" time="38.112" classname="testcases.login_abnormal.Testcase1006_loginPageExceptionVerification"/>
</testsuite> <!-- testcases.login_abnormal.Testcase1006_loginPageExceptionVerification -->
